<?xml version="1.0" encoding="utf-8"?><testsuites name="pytest tests"><testsuite name="pytest" errors="0" failures="0" skipped="0" tests="29" time="14.313" timestamp="2026-03-11T22:43:17.879605+00:00" hostname="agent-env-361ce948-7a2d-4282-b4af-682e040b33d2"><testcase classname="backend.tests.test_polyglot_api.TestAuth" name="test_student_login_success" time="0.675" /><testcase classname="backend.tests.test_polyglot_api.TestAuth" name="test_teacher_login_success" time="0.341" /><testcase classname="backend.tests.test_polyglot_api.TestAuth" name="test_login_invalid_credentials" time="0.138" /><testcase classname="backend.tests.test_polyglot_api.TestAuth" name="test_get_me" time="0.444" /><testcase classname="backend.tests.test_polyglot_api.TestCourses" name="test_get_all_courses" time="0.134" /><testcase classname="backend.tests.test_polyglot_api.TestCourses" name="test_french_courses_exist" time="0.130" /><testcase classname="backend.tests.test_polyglot_api.TestCourses" name="test_french_courses_correct_language" time="0.179" /><testcase classname="backend.tests.test_polyglot_api.TestCourses" name="test_spanish_courses_exist" time="0.112" /><testcase classname="backend.tests.test_polyglot_api.TestCourses" name="test_english_courses_exist" time="0.143" /><testcase classname="backend.tests.test_polyglot_api.TestCourses" name="test_course_detail" time="0.284" /><testcase classname="backend.tests.test_polyglot_api.TestFlashcards" name="test_get_french_flashcards" time="0.141" /><testcase classname="backend.tests.test_polyglot_api.TestFlashcards" name="test_get_french_flashcards_by_level" time="0.109" /><testcase classname="backend.tests.test_polyglot_api.TestFlashcards" name="test_get_spanish_flashcards" time="0.115" /><testcase classname="backend.tests.test_polyglot_api.TestFlashcards" name="test_flashcard_structure" time="0.115" /><testcase classname="backend.tests.test_polyglot_api.TestQuizzes" name="test_get_all_quizzes" time="0.235" /><testcase classname="backend.tests.test_polyglot_api.TestQuizzes" name="test_french_quizzes_exist" time="0.131" /><testcase classname="backend.tests.test_polyglot_api.TestQuizzes" name="test_french_quiz_levels" time="0.140" /><testcase classname="backend.tests.test_polyglot_api.TestQuizzes" name="test_quiz_detail" time="0.236" /><testcase classname="backend.tests.test_polyglot_api.TestQuizzes" name="test_quiz_submit" time="0.387" /><testcase classname="backend.tests.test_polyglot_api.TestProgress" name="test_get_progress" time="0.125" /><testcase classname="backend.tests.test_polyglot_api.TestProgress" name="test_get_progress_unauthenticated" time="0.139" /><testcase classname="backend.tests.test_polyglot_api.TestProgress" name="test_get_progress_by_language" time="0.139" /><testcase classname="backend.tests.test_polyglot_api.TestProgress" name="test_complete_lesson" time="0.435" /><testcase classname="backend.tests.test_polyglot_api.TestTTS" name="test_tts_french" time="4.010" /><testcase classname="backend.tests.test_polyglot_api.TestTTS" name="test_tts_spanish" time="1.726" /><testcase classname="backend.tests.test_polyglot_api.TestTTS" name="test_tts_english" time="2.696" /><testcase classname="backend.tests.test_polyglot_api.TestTeacher" name="test_teacher_get_students" time="0.463" /><testcase classname="backend.tests.test_polyglot_api.TestTeacher" name="test_teacher_get_stats" time="0.161" /><testcase classname="backend.tests.test_polyglot_api.TestTeacher" name="test_student_cannot_access_teacher_routes" time="0.145" /></testsuite></testsuites>