<?xml version="1.0" encoding="utf-8"?><testsuites name="pytest tests"><testsuite name="pytest" errors="0" failures="0" skipped="0" tests="27" time="16.671" timestamp="2026-03-27T22:27:04.277104+00:00" hostname="agent-env-3b74e4d5-256f-4f0c-b5a7-9b35b0009726"><testcase classname="backend.tests.test_intercultura_api.TestHealthCheck" name="test_health_endpoint" time="0.228" /><testcase classname="backend.tests.test_intercultura_api.TestAuthentication" name="test_student_login_success" time="0.426" /><testcase classname="backend.tests.test_intercultura_api.TestAuthentication" name="test_teacher_login_success" time="0.333" /><testcase classname="backend.tests.test_intercultura_api.TestAuthentication" name="test_login_invalid_credentials" time="0.171" /><testcase classname="backend.tests.test_intercultura_api.TestAuthentication" name="test_auth_me_with_token" time="0.472" /><testcase classname="backend.tests.test_intercultura_api.TestCourses" name="test_get_all_courses" time="0.126" /><testcase classname="backend.tests.test_intercultura_api.TestCourses" name="test_get_courses_by_language_spanish" time="0.112" /><testcase classname="backend.tests.test_intercultura_api.TestCourses" name="test_get_courses_by_language_english" time="0.113" /><testcase classname="backend.tests.test_intercultura_api.TestCourses" name="test_get_courses_by_language_portuguese" time="0.122" /><testcase classname="backend.tests.test_intercultura_api.TestCourses" name="test_get_courses_by_language_german" time="0.108" /><testcase classname="backend.tests.test_intercultura_api.TestCourses" name="test_get_courses_by_level" time="0.130" /><testcase classname="backend.tests.test_intercultura_api.TestCourses" name="test_course_has_lessons" time="0.127" /><testcase classname="backend.tests.test_intercultura_api.TestLessons" name="test_get_lessons_for_course" time="0.225" /><testcase classname="backend.tests.test_intercultura_api.TestFlashcards" name="test_get_flashcards_spanish_a1" time="0.153" /><testcase classname="backend.tests.test_intercultura_api.TestFlashcards" name="test_get_flashcards_english" time="0.219" /><testcase classname="backend.tests.test_intercultura_api.TestFlashcards" name="test_get_flashcards_portuguese" time="0.114" /><testcase classname="backend.tests.test_intercultura_api.TestFlashcards" name="test_get_flashcards_german" time="0.100" /><testcase classname="backend.tests.test_intercultura_api.TestQuizzes" name="test_get_quizzes_for_course" time="0.237" /><testcase classname="backend.tests.test_intercultura_api.TestTTS" name="test_tts_spanish" time="3.426" /><testcase classname="backend.tests.test_intercultura_api.TestTTS" name="test_tts_english" time="1.666" /><testcase classname="backend.tests.test_intercultura_api.TestTTS" name="test_tts_portuguese" time="3.112" /><testcase classname="backend.tests.test_intercultura_api.TestTTS" name="test_tts_german" time="1.387" /><testcase classname="backend.tests.test_intercultura_api.TestProgress" name="test_get_progress" time="0.483" /><testcase classname="backend.tests.test_intercultura_api.TestProgress" name="test_get_progress_by_language" time="0.496" /><testcase classname="backend.tests.test_intercultura_api.TestTeacherEndpoints" name="test_get_students" time="0.504" /><testcase classname="backend.tests.test_intercultura_api.TestTeacherEndpoints" name="test_get_teacher_stats" time="1.513" /><testcase classname="backend.tests.test_intercultura_api.TestTeacherEndpoints" name="test_student_cannot_access_teacher_endpoints" time="0.479" /></testsuite></testsuites>