<?xml version="1.0" encoding="utf-8"?><testsuites name="pytest tests"><testsuite name="pytest" errors="0" failures="0" skipped="0" tests="10" time="5.550" timestamp="2026-03-28T16:43:20.827844+00:00" hostname="agent-env-3b74e4d5-256f-4f0c-b5a7-9b35b0009726"><testcase classname="backend.tests.test_new_features.TestChangePasswordAPI" name="test_change_password_wrong_current_password" time="0.841" /><testcase classname="backend.tests.test_new_features.TestChangePasswordAPI" name="test_change_password_short_new_password" time="0.692" /><testcase classname="backend.tests.test_new_features.TestChangePasswordAPI" name="test_change_password_success" time="2.270" /><testcase classname="backend.tests.test_new_features.TestChangePasswordAPI" name="test_change_password_unauthenticated" time="0.104" /><testcase classname="backend.tests.test_new_features.TestPWAManifest" name="test_manifest_exists" time="0.109" /><testcase classname="backend.tests.test_new_features.TestPWAManifest" name="test_manifest_intercultura_branding" time="0.098" /><testcase classname="backend.tests.test_new_features.TestPWAManifest" name="test_favicon_exists" time="0.191" /><testcase classname="backend.tests.test_new_features.TestExistingAuthEndpoints" name="test_login_student" time="0.329" /><testcase classname="backend.tests.test_new_features.TestExistingAuthEndpoints" name="test_login_teacher" time="0.364" /><testcase classname="backend.tests.test_new_features.TestExistingAuthEndpoints" name="test_get_me" time="0.444" /></testsuite></testsuites>