<?xml version="1.0" encoding="utf-8"?><testsuites name="pytest tests"><testsuite name="pytest" errors="0" failures="0" skipped="0" tests="17" time="6.468" timestamp="2026-03-28T19:33:01.243945+00:00" hostname="agent-env-3b74e4d5-256f-4f0c-b5a7-9b35b0009726"><testcase classname="backend.tests.test_lesson_content_enrichment.TestLessonContentEnrichment" name="test_all_courses_exist" time="0.222" /><testcase classname="backend.tests.test_lesson_content_enrichment.TestLessonContentEnrichment" name="test_all_courses_have_6_lessons" time="0.057" /><testcase classname="backend.tests.test_lesson_content_enrichment.TestLessonContentEnrichment" name="test_language_lessons_have_rich_content[spanish]" time="0.527" /><testcase classname="backend.tests.test_lesson_content_enrichment.TestLessonContentEnrichment" name="test_language_lessons_have_rich_content[english]" time="0.427" /><testcase classname="backend.tests.test_lesson_content_enrichment.TestLessonContentEnrichment" name="test_language_lessons_have_rich_content[portuguese]" time="0.459" /><testcase classname="backend.tests.test_lesson_content_enrichment.TestLessonContentEnrichment" name="test_language_lessons_have_rich_content[german]" time="0.412" /><testcase classname="backend.tests.test_lesson_content_enrichment.TestLessonContentEnrichment" name="test_language_lessons_have_rich_content[french]" time="0.411" /><testcase classname="backend.tests.test_lesson_content_enrichment.TestSpecificLanguageContent" name="test_german_a1_has_real_content" time="0.173" /><testcase classname="backend.tests.test_lesson_content_enrichment.TestSpecificLanguageContent" name="test_french_a1_has_real_content" time="0.106" /><testcase classname="backend.tests.test_lesson_content_enrichment.TestSpecificLanguageContent" name="test_portuguese_a1_has_real_content" time="0.107" /><testcase classname="backend.tests.test_lesson_content_enrichment.TestLoginAndCoursesAPI" name="test_login_with_student_credentials" time="0.367" /><testcase classname="backend.tests.test_lesson_content_enrichment.TestLoginAndCoursesAPI" name="test_login_with_teacher_credentials" time="0.273" /><testcase classname="backend.tests.test_lesson_content_enrichment.TestLoginAndCoursesAPI" name="test_courses_filter_by_language" time="0.260" /><testcase classname="backend.tests.test_lesson_content_enrichment.TestLoginAndCoursesAPI" name="test_courses_filter_by_level" time="0.320" /><testcase classname="backend.tests.test_lesson_content_enrichment.TestLoginAndCoursesAPI" name="test_courses_filter_by_language_and_level" time="0.051" /><testcase classname="backend.tests.test_lesson_content_enrichment.TestLessonDetailAPI" name="test_lesson_detail_returns_content" time="0.198" /><testcase classname="backend.tests.test_lesson_content_enrichment.TestContentQualitySampling" name="test_content_length_statistics" time="2.026" /></testsuite></testsuites>