<?xml version="1.0" encoding="utf-8"?><testsuites name="pytest tests"><testsuite name="pytest" errors="0" failures="0" skipped="0" tests="33" time="22.834" timestamp="2026-03-27T23:22:29.716543+00:00" hostname="agent-env-3b74e4d5-256f-4f0c-b5a7-9b35b0009726"><testcase classname="backend.tests.test_intercultura_api.TestHealthCheck" name="test_health_endpoint" time="0.173" /><testcase classname="backend.tests.test_intercultura_api.TestAuthentication" name="test_student_login_success" time="0.449" /><testcase classname="backend.tests.test_intercultura_api.TestAuthentication" name="test_teacher_login_success" time="0.325" /><testcase classname="backend.tests.test_intercultura_api.TestAuthentication" name="test_login_invalid_credentials" time="0.111" /><testcase classname="backend.tests.test_intercultura_api.TestAuthentication" name="test_auth_me_with_token" time="0.492" /><testcase classname="backend.tests.test_intercultura_api.TestCourses" name="test_get_all_courses" time="0.106" /><testcase classname="backend.tests.test_intercultura_api.TestCourses" name="test_get_courses_by_language_spanish" time="0.115" /><testcase classname="backend.tests.test_intercultura_api.TestCourses" name="test_get_courses_by_language_english" time="0.110" /><testcase classname="backend.tests.test_intercultura_api.TestCourses" name="test_get_courses_by_language_portuguese" time="0.102" /><testcase classname="backend.tests.test_intercultura_api.TestCourses" name="test_get_courses_by_language_german" time="0.137" /><testcase classname="backend.tests.test_intercultura_api.TestCourses" name="test_get_courses_by_language_french" time="0.106" /><testcase classname="backend.tests.test_intercultura_api.TestCourses" name="test_get_courses_by_level" time="0.106" /><testcase classname="backend.tests.test_intercultura_api.TestCourses" name="test_course_has_lessons" time="0.176" /><testcase classname="backend.tests.test_intercultura_api.TestLessons" name="test_get_lessons_for_course" time="0.233" /><testcase classname="backend.tests.test_intercultura_api.TestLessons" name="test_enriched_lesson_content_spanish" time="0.221" /><testcase classname="backend.tests.test_intercultura_api.TestLessons" name="test_enriched_lesson_content_french" time="0.131" /><testcase classname="backend.tests.test_intercultura_api.TestFlashcards" name="test_get_flashcards_spanish_a1" time="0.122" /><testcase classname="backend.tests.test_intercultura_api.TestFlashcards" name="test_get_flashcards_english" time="0.108" /><testcase classname="backend.tests.test_intercultura_api.TestFlashcards" name="test_get_flashcards_portuguese" time="0.125" /><testcase classname="backend.tests.test_intercultura_api.TestFlashcards" name="test_get_flashcards_german" time="0.124" /><testcase classname="backend.tests.test_intercultura_api.TestFlashcards" name="test_get_flashcards_french" time="0.107" /><testcase classname="backend.tests.test_intercultura_api.TestQuizzes" name="test_get_quizzes_for_spanish_course" time="0.256" /><testcase classname="backend.tests.test_intercultura_api.TestQuizzes" name="test_get_quizzes_for_french_course" time="0.116" /><testcase classname="backend.tests.test_intercultura_api.TestTTS" name="test_tts_spanish" time="4.236" /><testcase classname="backend.tests.test_intercultura_api.TestTTS" name="test_tts_english" time="3.492" /><testcase classname="backend.tests.test_intercultura_api.TestTTS" name="test_tts_portuguese" time="2.414" /><testcase classname="backend.tests.test_intercultura_api.TestTTS" name="test_tts_german" time="3.031" /><testcase classname="backend.tests.test_intercultura_api.TestTTS" name="test_tts_french" time="3.095" /><testcase classname="backend.tests.test_intercultura_api.TestProgress" name="test_get_progress" time="0.490" /><testcase classname="backend.tests.test_intercultura_api.TestProgress" name="test_get_progress_by_language_five_languages" time="0.474" /><testcase classname="backend.tests.test_intercultura_api.TestTeacherEndpoints" name="test_get_students" time="0.513" /><testcase classname="backend.tests.test_intercultura_api.TestTeacherEndpoints" name="test_get_teacher_stats" time="0.473" /><testcase classname="backend.tests.test_intercultura_api.TestTeacherEndpoints" name="test_student_cannot_access_teacher_endpoints" time="0.460" /></testsuite></testsuites>